Main Client Thread created
I am a Server no:B and My Ip address is::10.176.69.38
Listen Thread Started
waiting to connect here
Receiver - connected from SERVER 10 to SERVER 1
waiting to connect here
ABCDEFGH:
*********************************
ITERATION PHASE::1
*********************************
0-1111111

Sender - connected SERVER:B to SERVER:C
Read Thread connected to SERVERC with socket_id:8
Sender - connected SERVER:B to SERVER:D
Read Thread connected to SERVERD with socket_id:11
Sender - connected SERVER:B to SERVER:E
Read Thread connected to SERVERE with socket_id:14
Sender - connected SERVER:B to SERVER:F
Read Thread connected to SERVERF with socket_id:17
Sender - connected SERVER:B to SERVER:G
Sender - connected SERVER:B to SERVER:H
Read Thread connected to SERVERH with socket_id:23
Read Thread connected to SERVERG with socket_id:20
Receiver - connected from SERVER 0 to SERVER 1
waiting to connect here
Read Thread connected to SERVERA with socket_id:7
LOCK_REQUEST
COMMIT:2 :8 :A
********************************************
Status::VN=2, RU=8, DS=A
********************************************
Write Success!
LOCK_REQUEST
COMMIT:3 :8 :A
********************************************
Status::VN=3, RU=8, DS=A
********************************************
Write Success!
close
READ Thread exit - disconnected to SERVER:F
close
READ Thread exit - disconnected to SERVER:E
ABCD:EFGH:
*********************************
ITERATION PHASE::2
*********************************
0-111-1-1-1-1
Removing the node SERVER:B connected to SERVER:E
Removing the node SERVER:B connected to SERVER:F
Removing the node SERVER:B connected to SERVER:G
Removing the node SERVER:B connected to SERVER:H

close
READ Thread exit - disconnected to SERVER:G
close
READ Thread exit - disconnected to SERVER:H
Initiate the Write Sequence
LOCK_REQUEST sent to SERVER2
LOCK_REQUEST sent to SERVER3
LOCK_REQUEST sent to SERVER0
VOTE_REQUEST:3 :8 :A
Status of SERVER:D VN:3 RU:8 DS:A
VOTE_REQUEST:3 :8 :A
Status of SERVER:C VN:3 RU:8 DS:A
VOTE_REQUEST:3 :8 :A
Status of SERVER:A VN:3 RU:8 DS:A
********************************************
Status::VN=4, RU=4, DS=A
********************************************
VN updated
A:BCD:EFG:H:
*********************************
ITERATION PHASE::3
*********************************
-1-111-1-1-1-1
Removing the node SERVER:A connected to SERVER:B

close
READ Thread exit - disconnected to SERVER:A
LOCK_REQUEST
COMMIT:5 :3 :A
********************************************
Status::VN=5, RU=3, DS=A
********************************************
Write Success!
A:BCDEFG:H:
*********************************
ITERATION PHASE::4
*********************************
-1-111111-1

Sender - connected SERVER:B to SERVER:E
Read Thread connected to SERVERE with socket_id:7
Sender - connected SERVER:B to SERVER:F
Read Thread connected to SERVERF with socket_id:20
Sender - connected SERVER:B to SERVER:G
Read Thread connected to SERVERG with socket_id:30
LOCK_REQUEST
COMMIT:6 :6 :B
********************************************
Status::VN=6, RU=6, DS=B
********************************************
Write Success!
End the Transactions
SYSTEM EXIT
