Main Client Thread created
I am a Server no:C and My Ip address is::10.176.69.46
Listen Thread Started
waiting to connect here
Receiver - connected from SERVER 10 to SERVER 2
waiting to connect here
ABCDEFGH:
*********************************
ITERATION PHASE::1
*********************************
00-111111

Receiver - connected from SERVER 1 to SERVER 2
waiting to connect here
Read Thread connected to SERVERB with socket_id:7
Sender - connected SERVER:C to SERVER:D
Read Thread connected to SERVERD with socket_id:8
Sender - connected SERVER:C to SERVER:E
Read Thread connected to SERVERE with socket_id:14
Sender - connected SERVER:C to SERVER:F
Read Thread connected to SERVERF with socket_id:17
Sender - connected SERVER:C to SERVER:G
Read Thread connected to SERVERG with socket_id:20
Sender - connected SERVER:C to SERVER:H
Read Thread connected to SERVERH with socket_id:23
Receiver - connected from SERVER 0 to SERVER 2
waiting to connect here
Read Thread connected to SERVERA with socket_id:12
LOCK_REQUEST
COMMIT:2 :8 :A
********************************************
Status::VN=2, RU=8, DS=A
********************************************
Write Success!
LOCK_REQUEST
COMMIT:3 :8 :A
********************************************
Status::VN=3, RU=8, DS=A
********************************************
Write Success!
ABCD:EFGH:
*********************************
ITERATION PHASE::2
*********************************
00-11-1-1-1-1
Removing the node SERVER:C connected to SERVER:E
Removing the node SERVER:C connected to SERVER:F
Removing the node SERVER:C connected to SERVER:G
Removing the node SERVER:C connected to SERVER:H

close
READ Thread exit - disconnected to SERVER:F
close
READ Thread exit - disconnected to SERVER:E
close
READ Thread exit - disconnected to SERVER:H
close
READ Thread exit - disconnected to SERVER:G
LOCK_REQUEST
COMMIT:4 :4 :A
********************************************
Status::VN=4, RU=4, DS=A
********************************************
Write Success!
A:BCD:EFG:H:
*********************************
ITERATION PHASE::3
*********************************
-10-11-1-1-1-1
Removing the node SERVER:A connected to SERVER:C

close
READ Thread exit - disconnected to SERVER:A
Initiate the Write Sequence
LOCK_REQUEST sent to SERVER1
LOCK_REQUEST sent to SERVER3
VOTE_REQUEST:4 :4 :A
Status of SERVER:B VN:4 RU:4 DS:A
VOTE_REQUEST:4 :4 :A
Status of SERVER:D VN:4 RU:4 DS:A
********************************************
Status::VN=5, RU=3, DS=A
********************************************
VN updated
A:BCDEFG:H:
*********************************
ITERATION PHASE::4
*********************************
-10-11111-1

Sender - connected SERVER:C to SERVER:E
Read Thread connected to SERVERE with socket_id:12
Sender - connected SERVER:C to SERVER:F
Read Thread connected to SERVERF with socket_id:20
Sender - connected SERVER:C to SERVER:G
Read Thread connected to SERVERG with socket_id:30
Initiate the Write Sequence
LOCK_REQUEST sent to SERVER1
LOCK_REQUEST sent to SERVER3
LOCK_REQUEST sent to SERVER4
LOCK_REQUEST sent to SERVER5
LOCK_REQUEST sent to SERVER6
VOTE_REQUEST:3 :8 :A
Status of SERVER:E VN:3 RU:8 DS:A
VOTE_REQUEST:5 :3 :A
Status of SERVER:B VN:5 RU:3 DS:A
VOTE_REQUEST:5 :3 :A
Status of SERVER:D VN:5 RU:3 DS:A
VOTE_REQUEST:3 :8 :A
Status of SERVER:F VN:3 RU:8 DS:A
VOTE_REQUEST:3 :8 :A
Status of SERVER:G VN:3 RU:8 DS:A
********************************************
Status::VN=6, RU=6, DS=B
********************************************
VN updated
End the Transactions
SYSTEM EXIT
