Main Client Thread created
I am a Server no:F and My Ip address is::10.176.69.58
Listen Thread Started
waiting to connect here
Receiver - connected from SERVER 10 to SERVER 5
waiting to connect here
ABCDEFGH:
*********************************
ITERATION PHASE::1
*********************************
00000-111

Receiver - connected from SERVER 4 to SERVER 5
waiting to connect here
Read Thread connected to SERVERE with socket_id:7
Receiver - connected from SERVER 3 to SERVER 5
waiting to connect here
Read Thread connected to SERVERD with socket_id:12
Receiver - connected from SERVER 2 to SERVER 5
waiting to connect hereRead Thread connected to SERVERC with socket_id:15

Sender - connected SERVER:F to SERVER:G
Receiver - connected from SERVER 1 to SERVER 5
waiting to connect here
Read Thread connected to SERVERG with socket_id:8
Read Thread connected to SERVERB with socket_id:18
Sender - connected SERVER:F to SERVER:H
Read Thread connected to SERVERH with socket_id:22
Receiver - connected from SERVER 0 to SERVER 5
waiting to connect here
Read Thread connected to SERVERA with socket_id:25
LOCK_REQUEST
COMMIT:2 :8 :A
********************************************
Status::VN=2, RU=8, DS=A
********************************************
Write Success!
Initiate the Write Sequence
LOCK_REQUEST sent to SERVER4
LOCK_REQUEST sent to SERVER3
LOCK_REQUEST sent to SERVER2
LOCK_REQUEST sent to SERVER6
LOCK_REQUEST sent to SERVER1
LOCK_REQUEST sent to SERVER7
LOCK_REQUEST sent to SERVER0
VOTE_REQUEST:2 :8 :A
Status of SERVER:E VN:2 RU:8 DS:A
VOTE_REQUEST:2 :8 :A
Status of SERVER:B VN:2 RU:8 DS:A
VOTE_REQUEST:2 :8 :A
Status of SERVER:C VN:2 RU:8 DS:A
VOTE_REQUEST:2 :8 :A
Status of SERVER:G VN:2 RU:8 DS:A
VOTE_REQUEST:2 :8 :A
Status of SERVER:D VN:2 RU:8 DS:A
VOTE_REQUEST:2 :8 :A
Status of SERVER:H VN:2 RU:8 DS:A
VOTE_REQUEST:2 :8 :A
Status of SERVER:A VN:2 RU:8 DS:A
********************************************
Status::VN=3, RU=8, DS=A
********************************************
VN updated
ABCD:EFGH:
*********************************
ITERATION PHASE::2
*********************************
-1-1-1-10-111
Removing the node SERVER:A connected to SERVER:F
Removing the node SERVER:B connected to SERVER:F
Removing the node SERVER:C connected to SERVER:F
Removing the node SERVER:D connected to SERVER:F

close
READ Thread exit - disconnected to SERVER:C
close
READ Thread exit - disconnected to SERVER:D
close
READ Thread exit - disconnected to SERVER:B
close
READ Thread exit - disconnected to SERVER:A
LOCK_REQUEST
ABORT
Write Failed!
A:BCD:EFG:H:
*********************************
ITERATION PHASE::3
*********************************
-1-1-1-10-11-1
Removing the node SERVER:F connected to SERVER:H

close
READ Thread exit - disconnected to SERVER:H
LOCK_REQUEST
ABORT
Write Failed!
Receiver - connected from SERVER 2 to SERVER 5
waiting to connect here
Read Thread connected to SERVERC with socket_id:28
Receiver - connected from SERVER 3 to SERVER 5
waiting to connect here
Receiver - connected from SERVER 1 to SERVER 5
waiting to connect here
Read Thread connected to SERVERD with socket_id:22
Read Thread connected to SERVERB with socket_id:30
A:BCDEFG:H:
*********************************
ITERATION PHASE::4
*********************************
-10000-11-1

LOCK_REQUEST
COMMIT:6 :6 :B
********************************************
Status::VN=6, RU=6, DS=B
********************************************
Write Success!
End the Transactions
SYSTEM EXIT
