Main Client Thread created
I am a Server no:G and My Ip address is::10.176.69.66
Listen Thread Started
waiting to connect here
Receiver - connected from SERVER 10 to SERVER 6
waiting to connect here
ABCDEFGH:
*********************************
ITERATION PHASE::1
*********************************
000000-11

Receiver - connected from SERVER 4 to SERVER 6
waiting to connect here
Read Thread connected to SERVERE with socket_id:7
Sender - connected SERVER:G to SERVER:H
Receiver - connected from SERVER 5 to SERVER 6
waiting to connect here
Read Thread connected to SERVERH with socket_id:8
Read Thread connected to SERVERF with socket_id:12
Receiver - connected from SERVER 3 to SERVER 6
waiting to connect here
Read Thread connected to SERVERD with socket_id:16
Receiver - connected from SERVER 2 to SERVER 6
waiting to connect here
Read Thread connected to SERVERC with socket_id:19
Receiver - connected from SERVER 1 to SERVER 6
waiting to connect here
Read Thread connected to SERVERB with socket_id:22
Receiver - connected from SERVER 0 to SERVER 6
waiting to connect here
Read Thread connected to SERVERA with socket_id:25
LOCK_REQUEST
COMMIT:2 :8 :A
********************************************
Status::VN=2, RU=8, DS=A
********************************************
Write Success!
LOCK_REQUEST
COMMIT:3 :8 :A
********************************************
Status::VN=3, RU=8, DS=A
********************************************
Write Success!
ABCD:EFGH:
*********************************
ITERATION PHASE::2
*********************************
-1-1-1-100-11
Removing the node SERVER:A connected to SERVER:G
Removing the node SERVER:B connected to SERVER:G
Removing the node SERVER:C connected to SERVER:G
Removing the node SERVER:D connected to SERVER:G

close
READ Thread exit - disconnected to SERVER:C
close
READ Thread exit - disconnected to SERVER:B
close
READ Thread exit - disconnected to SERVER:D
close
READ Thread exit - disconnected to SERVER:A
LOCK_REQUEST
ABORT
Write Failed!
A:BCD:EFG:H:
*********************************
ITERATION PHASE::3
*********************************
-1-1-1-100-1-1
Removing the node SERVER:G connected to SERVER:H

close
READ Thread exit - disconnected to SERVER:H
LOCK_REQUEST
ABORT
Write Failed!
A:BCDEFG:H:
*********************************
ITERATION PHASE::4
*********************************
-100000-1-1

Receiver - connected from SERVER 3 to SERVER 6
waiting to connect here
Read Thread connected to SERVERD with socket_id:28
Receiver - connected from SERVER 1 to SERVER 6
waiting to connect here
Read Thread connected to SERVERB with socket_id:19
Receiver - connected from SERVER 2 to SERVER 6
waiting to connect here
Read Thread connected to SERVERC with socket_id:29
LOCK_REQUEST
COMMIT:6 :6 :B
********************************************
Status::VN=6, RU=6, DS=B
********************************************
Write Success!
End the Transactions
SYSTEM EXIT
